<?xml version="1.0" encoding="UTF-8"?>
<!-- Generated by org.testng.reporters.JUnitReportReporter -->
<testsuite skipped="0" hostname="RaselPC" name="com.aarong.runner.runner$Runner" tests="1" failures="0" timestamp="29 Nov 2022 03:54:04 GMT" time="14.259" errors="0">
  <testcase name="runScenario" time="14.259" classname="com.aarong.runner.runner$Runner"/>
</testsuite> <!-- com.aarong.runner.runner$Runner -->
